Quantum Circuits Examples with Qiskit
========================================
Creating Bell State Circuit (Quantum Entanglement)

Bell State Circuit:
     ┌───┐     ┌─┐   
q_0: ┤ H ├──■──┤M├───
     └───┘┌─┴─┐└╥┘┌─┐
q_1: ─────┤ X ├─╫─┤M├
          └───┘ ║ └╥┘
c: 2/═══════════╩══╩═
                0  1 

Measurement results for Bell State (1000 shots): {'00': 534, '11': 466}
Results saved as 'bell_state_results.png'

Creating Quantum Teleportation Circuit

Quantum Teleportation Circuit:
     ┌───┐ ░            ░      ┌───┐ ░ ┌─┐              
q_0: ┤ H ├─░────────────░───■──┤ H ├─░─┤M├─────────■────
     └───┘ ░ ┌───┐      ░ ┌─┴─┐└───┘ ░ └╥┘┌─┐      │    
q_1: ──────░─┤ H ├──■───░─┤ X ├──────░──╫─┤M├──■───┼────
           ░ └───┘┌─┴─┐ ░ └───┘      ░  ║ └╥┘┌─┴─┐ │ ┌─┐
q_2: ──────░──────┤ X ├─░────────────░──╫──╫─┤ X ├─■─┤M├
           ░      └───┘ ░            ░  ║  ║ └───┘   └╥┘
c: 3/═══════════════════════════════════╩══╩══════════╩═
                                        0  1          2 

Measurement results for Quantum Teleportation (1000 shots): {'001': 131, '110': 126, '100': 106, '000': 119, '010': 146, '111': 130, '011': 105, '101': 137}
Results saved as 'quantum_teleportation_results.png'

Creating Grover's Algorithm Circuit (2 qubits)

Grover's Algorithm Circuit:
     ┌───┐ ░     ░ ┌───┐┌───┐   ┌───┐┌───┐ ░ ┌─┐   
q_0: ┤ H ├─░──■──░─┤ H ├┤ X ├─■─┤ X ├┤ H ├─░─┤M├───
     ├───┤ ░  │  ░ ├───┤├───┤ │ ├───┤├───┤ ░ └╥┘┌─┐
q_1: ┤ H ├─░──■──░─┤ H ├┤ X ├─■─┤ X ├┤ H ├─░──╫─┤M├
     └───┘ ░     ░ └───┘└───┘   └───┘└───┘ ░  ║ └╥┘
c: 2/═════════════════════════════════════════╩══╩═
                                              0  1 

Measurement results for Grover Algorithm (1000 shots): {'11': 1000}
Results saved as 'grover_algorithm_results.png'

All circuit examples completed!
Check the generated PNG files for visualization results.
